<?xml version="1.0" encoding="UTF-8"?>
<!-- Generated by org.testng.reporters.JUnitXMLReporter -->
<testsuite hostname="BHUVANEK5" ignored="0" name="Command line test" tests="3" failures="0" timestamp="26 Jul 2018 16:11:09 GMT" time="3.957" errors="0">
  <testcase name="postApiTest" time="0.007" classname="com.qa.tests.PostApiTest"/>
  <testcase name="getTest" time="2.11" classname="com.qa.tests.GetAPITest"/>
  <testcase name="getApiTestwithHeaders" time="1.761" classname="com.qa.tests.GetAPITest"/>
</testsuite> <!-- Command line test -->
