<?xml version="1.0" encoding="UTF-8"?>
<testng-results skipped="0" failed="0" ignored="0" total="1" passed="1">
  <reporter-output>
  </reporter-output>
  <suite name="Default suite" duration-ms="31830" started-at="2018-09-03T12:49:32Z" finished-at="2018-09-03T12:50:04Z">
    <groups>
    </groups>
    <test name="Default test" duration-ms="31830" started-at="2018-09-03T12:49:32Z" finished-at="2018-09-03T12:50:04Z">
      <class name="selenium_test.WebTable1">
        <test-method status="PASS" signature="setUp()[pri:0, instance:selenium_test.WebTable1@4883b407]" name="setUp" duration-ms="31770" started-at="2018-09-03T12:49:32Z" finished-at="2018-09-03T12:50:04Z">
          <reporter-output>
          </reporter-output>
        </test-method> <!-- setUp -->
      </class> <!-- selenium_test.WebTable1 -->
    </test> <!-- Default test -->
  </suite> <!-- Default suite -->
</testng-results>
